0 verbose cli /usr/local/share/nvm/versions/node/v24.11.1/bin/node /home/codespace/nvm/current/bin/npm
1 info using npm@11.6.2
2 info using node@v24.11.1
3 silly config load:file:/usr/local/share/nvm/versions/node/v24.11.1/lib/node_modules/npm/npmrc
4 silly config load:file:/workspaces/mealswipe/MealSwipeRN-v3/MealSwipeRN-v3/.npmrc
5 silly config load:file:/workspaces/mealswipe/.npmrc
6 silly config load:file:/usr/local/share/nvm/versions/node/v24.11.1/etc/npmrc
7 verbose title npm run start
8 verbose argv "run" "start"
9 verbose logfile logs-max:10 dir:/workspaces/mealswipe/.npm/_logs/2026-01-02T23_11_38_608Z-
10 verbose logfile /workspaces/mealswipe/.npm/_logs/2026-01-02T23_11_38_608Z-debug-0.log
11 silly logfile done cleaning log files
12 http fetch GET https://registry.npmjs.org/npm attempt 1 failed with EAI_AGAIN
13 http fetch GET https://registry.npmjs.org/npm attempt 2 failed with EAI_AGAIN
14 verbose cwd /workspaces/mealswipe/MealSwipeRN-v3/MealSwipeRN-v3
15 verbose os Linux 6.8.0-1030-azure
16 verbose node v24.11.1
17 verbose npm  v11.6.2
18 verbose exit 7
19 verbose code 7
